Drill report for C:\Users\v-jtool\OneDrive\Documents\GitHub\903\KiCad\CPU.kicad_pcb
Created on 6/14/2017 3:34:49 PM

Copper Layer Stackup:
    =============================================================
    L1 :  F.Cu                      front
    L2 :  B.Cu                      back


Drill file 'CPU.drl' contains
    plated through holes:
    =============================================================
    T1  0.80mm  0.031"  (104 holes)
    T2  0.81mm  0.032"  (16 holes)
    T3  1.02mm  0.040"  (40 holes)
    T4  1.02mm  0.040"  (9 holes)
    T5  1.20mm  0.047"  (46 holes)
    T6  2.75mm  0.108"  (4 holes)
    T7  3.05mm  0.120"  (2 holes)

    Total plated holes count 221


Drill file 'CPU-NPTH.drl' contains
    unplated through holes:
    =============================================================

    Total unplated holes count 0
